2024-05-31 13:09:59,310 - root - INFO - FastAPI project initialized. Project is ready to accept requests.
2024-05-31 13:34:26,090 - root - INFO - FastAPI project initialized. Project is ready to accept requests.
2024-05-31 13:35:03,908 - root - INFO - FastAPI project initialized. Project is ready to accept requests.
2024-05-31 13:35:11,300 - root - INFO - FastAPI project initialized. Project is ready to accept requests.
2024-05-31 13:35:29,144 - root - INFO - FastAPI project initialized. Project is ready to accept requests.
2024-05-31 13:35:50,215 - root - INFO - FastAPI project initialized. Project is ready to accept requests.
2024-05-31 13:36:04,875 - root - INFO - FastAPI project initialized. Project is ready to accept requests.
2024-05-31 13:36:43,099 - root - INFO - FastAPI project initialized. Project is ready to accept requests.
2024-05-31 13:36:47,872 - root - INFO - FastAPI project initialized. Project is ready to accept requests.
2024-05-31 13:37:03,223 - root - INFO - FastAPI project initialized. Project is ready to accept requests.
2024-05-31 13:37:07,566 - root - INFO - FastAPI project initialized. Project is ready to accept requests.
2024-05-31 13:37:16,732 - root - INFO - FastAPI project initialized. Project is ready to accept requests.
2024-05-31 13:37:25,356 - root - INFO - FastAPI project initialized. Project is ready to accept requests.
2024-05-31 13:37:29,225 - root - INFO - FastAPI project initialized. Project is ready to accept requests.
2024-05-31 13:37:35,274 - root - INFO - FastAPI project initialized. Project is ready to accept requests.
2024-05-31 13:38:04,045 - root - INFO - FastAPI project initialized. Project is ready to accept requests.
2024-05-31 13:38:09,582 - root - INFO - FastAPI project initialized. Project is ready to accept requests.
2024-05-31 13:38:20,340 - root - INFO - FastAPI project initialized. Project is ready to accept requests.
2024-05-31 13:38:27,815 - root - INFO - FastAPI project initialized. Project is ready to accept requests.
2024-05-31 13:38:36,726 - root - INFO - FastAPI project initialized. Project is ready to accept requests.
2024-05-31 13:38:42,549 - root - INFO - FastAPI project initialized. Project is ready to accept requests.
2024-05-31 13:38:48,249 - root - INFO - FastAPI project initialized. Project is ready to accept requests.
2024-05-31 13:38:52,783 - root - INFO - FastAPI project initialized. Project is ready to accept requests.
2024-05-31 13:39:06,803 - root - INFO - FastAPI project initialized. Project is ready to accept requests.
2024-05-31 13:39:22,761 - root - INFO - FastAPI project initialized. Project is ready to accept requests.
2024-05-31 13:39:30,112 - root - INFO - FastAPI project initialized. Project is ready to accept requests.
2024-05-31 13:39:39,483 - root - INFO - FastAPI project initialized. Project is ready to accept requests.
2024-05-31 13:40:12,133 - root - INFO - FastAPI project initialized. Project is ready to accept requests.
2024-05-31 13:40:20,366 - root - INFO - FastAPI project initialized. Project is ready to accept requests.
2024-05-31 13:40:31,902 - root - INFO - FastAPI project initialized. Project is ready to accept requests.
2024-05-31 13:40:39,083 - root - INFO - FastAPI project initialized. Project is ready to accept requests.
2024-05-31 13:40:46,172 - root - INFO - FastAPI project initialized. Project is ready to accept requests.
2024-05-31 13:40:55,415 - root - INFO - FastAPI project initialized. Project is ready to accept requests.
2024-05-31 13:41:02,092 - root - INFO - FastAPI project initialized. Project is ready to accept requests.
2024-05-31 13:41:09,233 - root - INFO - FastAPI project initialized. Project is ready to accept requests.
2024-05-31 13:41:26,649 - root - INFO - FastAPI project initialized. Project is ready to accept requests.
2024-05-31 13:41:56,420 - root - INFO - FastAPI project initialized. Project is ready to accept requests.
2024-05-31 13:42:12,288 - root - INFO - FastAPI project initialized. Project is ready to accept requests.
2024-05-31 13:43:10,054 - root - INFO - FastAPI project initialized. Project is ready to accept requests.
2024-05-31 13:43:14,290 - root - INFO - FastAPI project initialized. Project is ready to accept requests.
2024-05-31 13:43:16,935 - root - INFO - FastAPI project initialized. Project is ready to accept requests.
2024-05-31 13:43:46,131 - root - INFO - FastAPI project initialized. Project is ready to accept requests.
2024-05-31 13:44:17,056 - root - INFO - FastAPI project initialized. Project is ready to accept requests.
2024-05-31 13:44:36,652 - root - INFO - FastAPI project initialized. Project is ready to accept requests.
2024-05-31 13:44:52,572 - root - INFO - FastAPI project initialized. Project is ready to accept requests.
2024-05-31 13:45:11,064 - root - INFO - FastAPI project initialized. Project is ready to accept requests.
2024-05-31 13:45:14,722 - root - INFO - FastAPI project initialized. Project is ready to accept requests.
2024-05-31 13:45:46,451 - root - INFO - FastAPI project initialized. Project is ready to accept requests.
2024-05-31 13:45:54,620 - root - INFO - FastAPI project initialized. Project is ready to accept requests.
2024-05-31 13:46:02,586 - root - INFO - FastAPI project initialized. Project is ready to accept requests.
2024-05-31 13:47:20,897 - root - INFO - FastAPI project initialized. Project is ready to accept requests.
2024-05-31 13:47:46,042 - root - INFO - FastAPI project initialized. Project is ready to accept requests.
2024-05-31 13:47:58,377 - root - INFO - FastAPI project initialized. Project is ready to accept requests.
2024-05-31 13:48:07,508 - root - INFO - FastAPI project initialized. Project is ready to accept requests.
2024-05-31 13:48:14,046 - root - INFO - FastAPI project initialized. Project is ready to accept requests.
2024-05-31 13:48:22,719 - root - INFO - FastAPI project initialized. Project is ready to accept requests.
2024-05-31 13:48:28,604 - root - INFO - FastAPI project initialized. Project is ready to accept requests.
2024-05-31 13:48:59,174 - root - INFO - FastAPI project initialized. Project is ready to accept requests.
2024-05-31 13:49:12,320 - root - INFO - FastAPI project initialized. Project is ready to accept requests.
2024-05-31 13:49:16,032 - root - INFO - FastAPI project initialized. Project is ready to accept requests.
2024-05-31 13:49:24,887 - root - INFO - FastAPI project initialized. Project is ready to accept requests.
2024-05-31 13:49:31,951 - root - INFO - FastAPI project initialized. Project is ready to accept requests.
2024-05-31 13:49:42,773 - root - INFO - FastAPI project initialized. Project is ready to accept requests.
2024-05-31 13:49:52,536 - root - INFO - FastAPI project initialized. Project is ready to accept requests.
2024-05-31 13:50:35,447 - root - INFO - FastAPI project initialized. Project is ready to accept requests.
2024-05-31 13:51:43,493 - root - INFO - FastAPI project initialized. Project is ready to accept requests.
2024-05-31 13:52:02,648 - root - INFO - FastAPI project initialized. Project is ready to accept requests.
2024-05-31 13:52:31,173 - root - INFO - FastAPI project initialized. Project is ready to accept requests.
2024-05-31 13:52:45,994 - root - INFO - FastAPI project initialized. Project is ready to accept requests.
2024-05-31 13:52:52,232 - root - INFO - FastAPI project initialized. Project is ready to accept requests.
2024-05-31 13:52:55,454 - root - INFO - FastAPI project initialized. Project is ready to accept requests.
2024-05-31 13:53:28,938 - root - INFO - FastAPI project initialized. Project is ready to accept requests.
2024-05-31 13:58:02,504 - root - INFO - FastAPI project initialized. Project is ready to accept requests.
2024-05-31 13:58:15,972 - root - INFO - FastAPI project initialized. Project is ready to accept requests.
2024-05-31 13:58:26,080 - root - INFO - FastAPI project initialized. Project is ready to accept requests.
2024-05-31 13:58:35,088 - root - INFO - FastAPI project initialized. Project is ready to accept requests.
2024-05-31 13:58:42,660 - root - INFO - FastAPI project initialized. Project is ready to accept requests.
2024-05-31 13:58:49,212 - root - INFO - FastAPI project initialized. Project is ready to accept requests.
2024-05-31 13:58:56,005 - root - INFO - FastAPI project initialized. Project is ready to accept requests.
2024-05-31 13:59:02,661 - root - INFO - FastAPI project initialized. Project is ready to accept requests.
2024-05-31 13:59:07,558 - root - INFO - FastAPI project initialized. Project is ready to accept requests.
2024-05-31 13:59:17,205 - root - INFO - FastAPI project initialized. Project is ready to accept requests.
2024-05-31 13:59:47,764 - root - INFO - FastAPI project initialized. Project is ready to accept requests.
2024-05-31 13:59:54,835 - root - INFO - FastAPI project initialized. Project is ready to accept requests.
2024-05-31 14:00:02,949 - root - INFO - FastAPI project initialized. Project is ready to accept requests.
2024-05-31 14:00:07,572 - root - INFO - FastAPI project initialized. Project is ready to accept requests.
2024-05-31 14:00:10,322 - root - INFO - FastAPI project initialized. Project is ready to accept requests.
2024-05-31 14:01:05,412 - root - INFO - FastAPI project initialized. Project is ready to accept requests.
2024-05-31 14:01:23,122 - root - INFO - FastAPI project initialized. Project is ready to accept requests.
2024-05-31 14:01:27,321 - root - INFO - FastAPI project initialized. Project is ready to accept requests.
2024-05-31 14:01:33,553 - root - INFO - FastAPI project initialized. Project is ready to accept requests.
2024-05-31 14:01:45,645 - root - INFO - FastAPI project initialized. Project is ready to accept requests.
2024-05-31 14:01:51,022 - root - INFO - FastAPI project initialized. Project is ready to accept requests.
2024-05-31 14:01:56,945 - root - INFO - FastAPI project initialized. Project is ready to accept requests.
2024-05-31 14:02:05,028 - root - INFO - FastAPI project initialized. Project is ready to accept requests.
2024-05-31 14:02:51,393 - root - INFO - FastAPI project initialized. Project is ready to accept requests.
2024-05-31 14:03:03,492 - root - INFO - FastAPI project initialized. Project is ready to accept requests.
2024-05-31 14:03:08,008 - root - INFO - FastAPI project initialized. Project is ready to accept requests.
2024-05-31 14:03:13,261 - root - INFO - FastAPI project initialized. Project is ready to accept requests.
2024-05-31 14:03:21,913 - root - INFO - FastAPI project initialized. Project is ready to accept requests.
2024-05-31 14:03:38,102 - root - INFO - FastAPI project initialized. Project is ready to accept requests.
2024-05-31 14:16:35,495 - root - INFO - FastAPI project initialized. Project is ready to accept requests.
2024-05-31 14:16:52,537 - root - INFO - FastAPI project initialized. Project is ready to accept requests.
2024-05-31 14:18:19,400 - root - INFO - FastAPI project initialized. Project is ready to accept requests.
2024-05-31 14:18:41,087 - root - INFO - FastAPI project initialized. Project is ready to accept requests.
2024-05-31 14:18:47,116 - root - INFO - FastAPI project initialized. Project is ready to accept requests.
2024-05-31 14:18:58,975 - root - INFO - FastAPI project initialized. Project is ready to accept requests.
2024-05-31 14:19:03,316 - root - INFO - FastAPI project initialized. Project is ready to accept requests.
2024-05-31 14:19:12,383 - root - INFO - FastAPI project initialized. Project is ready to accept requests.
2024-05-31 14:19:16,351 - root - INFO - FastAPI project initialized. Project is ready to accept requests.
2024-05-31 14:19:20,102 - root - INFO - FastAPI project initialized. Project is ready to accept requests.
2024-05-31 14:19:32,337 - root - INFO - FastAPI project initialized. Project is ready to accept requests.
2024-05-31 14:19:46,374 - root - INFO - FastAPI project initialized. Project is ready to accept requests.
2024-05-31 14:19:53,705 - root - INFO - FastAPI project initialized. Project is ready to accept requests.
2024-05-31 14:20:16,431 - root - INFO - FastAPI project initialized. Project is ready to accept requests.
2024-05-31 14:20:52,517 - root - INFO - FastAPI project initialized. Project is ready to accept requests.
2024-05-31 14:20:56,618 - root - INFO - FastAPI project initialized. Project is ready to accept requests.
2024-05-31 14:21:06,502 - root - INFO - FastAPI project initialized. Project is ready to accept requests.
2024-05-31 14:21:13,709 - root - INFO - FastAPI project initialized. Project is ready to accept requests.
2024-05-31 14:21:37,109 - root - INFO - FastAPI project initialized. Project is ready to accept requests.
2024-05-31 14:21:51,367 - root - INFO - FastAPI project initialized. Project is ready to accept requests.
2024-05-31 14:21:54,142 - root - INFO - FastAPI project initialized. Project is ready to accept requests.
2024-05-31 14:22:04,235 - root - INFO - FastAPI project initialized. Project is ready to accept requests.
2024-05-31 14:22:22,358 - root - INFO - FastAPI project initialized. Project is ready to accept requests.
2024-05-31 14:22:25,306 - root - INFO - FastAPI project initialized. Project is ready to accept requests.
2024-05-31 14:22:39,583 - root - INFO - FastAPI project initialized. Project is ready to accept requests.
2024-05-31 14:22:44,441 - root - INFO - FastAPI project initialized. Project is ready to accept requests.
2024-05-31 14:22:49,303 - root - INFO - FastAPI project initialized. Project is ready to accept requests.
2024-05-31 14:22:53,297 - root - INFO - FastAPI project initialized. Project is ready to accept requests.
2024-05-31 14:23:06,871 - root - INFO - FastAPI project initialized. Project is ready to accept requests.
2024-05-31 14:23:17,763 - root - INFO - FastAPI project initialized. Project is ready to accept requests.
2024-05-31 14:23:28,417 - root - INFO - FastAPI project initialized. Project is ready to accept requests.
2024-05-31 14:23:42,224 - root - INFO - FastAPI project initialized. Project is ready to accept requests.
2024-05-31 14:23:45,396 - root - INFO - FastAPI project initialized. Project is ready to accept requests.
2024-05-31 14:24:07,392 - root - INFO - FastAPI project initialized. Project is ready to accept requests.
2024-05-31 14:24:13,462 - root - INFO - FastAPI project initialized. Project is ready to accept requests.
2024-05-31 14:24:16,275 - root - INFO - FastAPI project initialized. Project is ready to accept requests.
2024-05-31 14:24:30,318 - root - INFO - FastAPI project initialized. Project is ready to accept requests.
2024-05-31 14:24:34,840 - root - INFO - FastAPI project initialized. Project is ready to accept requests.
2024-05-31 14:24:46,563 - root - INFO - FastAPI project initialized. Project is ready to accept requests.
2024-05-31 14:24:54,374 - root - INFO - FastAPI project initialized. Project is ready to accept requests.
2024-05-31 14:25:08,710 - root - INFO - FastAPI project initialized. Project is ready to accept requests.
2024-05-31 14:25:19,287 - root - INFO - FastAPI project initialized. Project is ready to accept requests.
2024-05-31 14:25:26,332 - root - INFO - FastAPI project initialized. Project is ready to accept requests.
2024-05-31 14:25:46,054 - root - INFO - FastAPI project initialized. Project is ready to accept requests.
2024-05-31 14:26:02,025 - root - INFO - FastAPI project initialized. Project is ready to accept requests.
2024-05-31 14:26:07,028 - root - INFO - FastAPI project initialized. Project is ready to accept requests.
2024-05-31 14:26:14,130 - root - INFO - FastAPI project initialized. Project is ready to accept requests.
2024-05-31 14:26:19,753 - root - INFO - FastAPI project initialized. Project is ready to accept requests.
2024-05-31 14:26:50,984 - root - INFO - FastAPI project initialized. Project is ready to accept requests.
2024-05-31 14:26:59,869 - root - INFO - FastAPI project initialized. Project is ready to accept requests.
2024-05-31 14:27:07,112 - root - INFO - FastAPI project initialized. Project is ready to accept requests.
2024-05-31 14:27:23,624 - root - INFO - FastAPI project initialized. Project is ready to accept requests.
2024-05-31 14:27:33,085 - root - INFO - FastAPI project initialized. Project is ready to accept requests.
2024-05-31 14:27:37,520 - root - INFO - FastAPI project initialized. Project is ready to accept requests.
2024-05-31 14:31:37,529 - root - INFO - FastAPI project initialized. Project is ready to accept requests.
2024-05-31 14:31:45,452 - root - INFO - FastAPI project initialized. Project is ready to accept requests.
2024-05-31 14:32:01,404 - root - INFO - FastAPI project initialized. Project is ready to accept requests.
2024-05-31 14:32:07,203 - root - INFO - FastAPI project initialized. Project is ready to accept requests.
2024-05-31 14:32:13,777 - root - INFO - FastAPI project initialized. Project is ready to accept requests.
2024-05-31 14:32:21,211 - root - INFO - FastAPI project initialized. Project is ready to accept requests.
2024-05-31 14:32:30,793 - root - INFO - FastAPI project initialized. Project is ready to accept requests.
2024-05-31 14:32:48,953 - root - INFO - FastAPI project initialized. Project is ready to accept requests.
2024-05-31 14:32:55,638 - root - INFO - FastAPI project initialized. Project is ready to accept requests.
2024-05-31 14:33:23,458 - root - INFO - FastAPI project initialized. Project is ready to accept requests.
2024-05-31 14:33:30,711 - root - INFO - FastAPI project initialized. Project is ready to accept requests.
2024-05-31 14:33:40,657 - root - INFO - FastAPI project initialized. Project is ready to accept requests.
2024-05-31 14:33:56,880 - router.admin_router - INFO - Accessed Admin Login Page.
2024-05-31 14:33:59,042 - router.admin_router - INFO - Attempting to authenticate admin: ADM001
2024-05-31 14:33:59,042 - router.admin_router - DEBUG - SQL Query to Check Wheather Admin Record Exist or Not : SELECT COUNT(admin_id) ,admin_id, password 
    FROM admin
    WHERE admin_id = 'ADM001' AND password = 'password1' ;
    
2024-05-31 14:33:59,042 - router.admin_router - INFO - Authentication query executed successfully for admin: ADM001
2024-05-31 14:33:59,042 - router.admin_router - INFO - Admin ADM001 authenticated successfully.
2024-05-31 14:33:59,050 - router.admin_router - INFO - Admin id is saved as SessionUser
2024-05-31 14:33:59,050 - router.admin_router - INFO - Redirecting to admin home
2024-05-31 14:33:59,065 - router.admin_router - INFO - Accessed Admin Login Page.
2024-05-31 14:33:59,108 - router.admin_router - INFO - Attempting to authenticate admin: ADM001
2024-05-31 14:33:59,108 - router.admin_router - DEBUG - SQL Query to Check Wheather Admin Record Exist or Not : SELECT COUNT(admin_id) ,admin_id, password 
    FROM admin
    WHERE admin_id = 'ADM001' AND password = 'password1' ;
    
2024-05-31 14:33:59,112 - router.admin_router - INFO - Authentication query executed successfully for admin: ADM001
2024-05-31 14:33:59,114 - router.admin_router - INFO - Admin ADM001 authenticated successfully.
2024-05-31 14:33:59,114 - router.admin_router - INFO - Admin id is saved as SessionUser
2024-05-31 14:33:59,114 - router.admin_router - INFO - Redirecting to admin home
2024-05-31 14:33:59,125 - router.admin_router - INFO - ADM001 : Accessed Admin Home Page.
2024-05-31 14:33:59,166 - router.admin_router - INFO - ADM001 : Accessed Admin Home Page.
2024-05-31 14:34:04,134 - router.admin_router - INFO - ADM001 : Accessed View Project Page
2024-05-31 14:34:04,134 - router.admin_router - INFO - Fetching  projects information
2024-05-31 14:34:04,135 - router.admin_router - DEBUG - SQL Query to get project Information : SELECT p.project_id , p.project_name ,p.admin_id, a.admin_name, p.start_date, p.dead_line, mpd.manager_id, m.manager_name , p.status , p.description
    FROM project AS p
    LEFT JOIN manager_project_details AS mpd
    ON mpd.project_id = p.project_id
    LEFT JOIN manager AS m
    ON mpd.manager_id = m.manager_id
    LEFT JOIN admin as a
    ON p.admin_id = a.admin_id
    ORDER BY p.admin_id ASC
    ;
     
2024-05-31 14:34:04,141 - router.admin_router - INFO - Project details fetched successfully
2024-05-31 14:34:04,141 - router.admin_router - INFO - Successfully fetched all employees, managers, and projects information
2024-05-31 14:34:04,171 - router.admin_router - INFO - Data formatted successfully. Ready for sending it to Webpage
2024-05-31 14:34:22,504 - root - INFO - FastAPI project initialized. Project is ready to accept requests.
2024-05-31 14:34:31,120 - root - INFO - FastAPI project initialized. Project is ready to accept requests.
2024-05-31 14:34:40,957 - root - INFO - FastAPI project initialized. Project is ready to accept requests.
2024-05-31 14:34:48,620 - root - INFO - FastAPI project initialized. Project is ready to accept requests.
2024-05-31 14:42:32,252 - root - INFO - FastAPI project initialized. Project is ready to accept requests.
2024-05-31 14:42:46,997 - root - INFO - FastAPI project initialized. Project is ready to accept requests.
2024-05-31 14:43:28,716 - root - INFO - FastAPI project initialized. Project is ready to accept requests.
2024-05-31 14:43:32,652 - root - INFO - FastAPI project initialized. Project is ready to accept requests.
2024-05-31 14:43:42,801 - root - INFO - FastAPI project initialized. Project is ready to accept requests.
2024-05-31 14:43:57,309 - root - INFO - FastAPI project initialized. Project is ready to accept requests.
2024-05-31 14:44:04,666 - root - INFO - FastAPI project initialized. Project is ready to accept requests.
2024-05-31 14:44:13,000 - root - INFO - FastAPI project initialized. Project is ready to accept requests.
2024-05-31 14:44:32,160 - root - INFO - FastAPI project initialized. Project is ready to accept requests.
2024-05-31 14:44:39,933 - root - INFO - FastAPI project initialized. Project is ready to accept requests.
2024-05-31 14:45:35,163 - root - INFO - FastAPI project initialized. Project is ready to accept requests.
2024-05-31 14:45:40,514 - root - INFO - FastAPI project initialized. Project is ready to accept requests.
2024-05-31 14:46:12,034 - root - INFO - FastAPI project initialized. Project is ready to accept requests.
2024-05-31 14:46:14,783 - root - INFO - FastAPI project initialized. Project is ready to accept requests.
2024-05-31 14:46:25,427 - root - INFO - FastAPI project initialized. Project is ready to accept requests.
2024-05-31 14:47:44,013 - root - INFO - FastAPI project initialized. Project is ready to accept requests.
2024-05-31 14:47:54,467 - root - INFO - FastAPI project initialized. Project is ready to accept requests.
2024-05-31 14:48:01,577 - root - INFO - FastAPI project initialized. Project is ready to accept requests.
2024-05-31 14:48:10,148 - root - INFO - FastAPI project initialized. Project is ready to accept requests.
2024-05-31 14:48:12,824 - root - INFO - FastAPI project initialized. Project is ready to accept requests.
2024-05-31 14:48:20,383 - root - INFO - FastAPI project initialized. Project is ready to accept requests.
2024-05-31 14:48:24,545 - root - INFO - FastAPI project initialized. Project is ready to accept requests.
2024-05-31 14:48:41,086 - root - INFO - FastAPI project initialized. Project is ready to accept requests.
2024-05-31 14:49:02,098 - root - INFO - FastAPI project initialized. Project is ready to accept requests.
2024-05-31 14:49:06,151 - root - INFO - FastAPI project initialized. Project is ready to accept requests.
2024-05-31 14:51:32,601 - root - INFO - FastAPI project initialized. Project is ready to accept requests.
2024-05-31 14:51:45,444 - root - INFO - FastAPI project initialized. Project is ready to accept requests.
2024-05-31 14:51:51,309 - root - INFO - FastAPI project initialized. Project is ready to accept requests.
2024-05-31 14:51:55,344 - root - INFO - FastAPI project initialized. Project is ready to accept requests.
2024-05-31 14:52:00,596 - root - INFO - FastAPI project initialized. Project is ready to accept requests.
2024-05-31 14:52:06,731 - root - INFO - FastAPI project initialized. Project is ready to accept requests.
2024-05-31 14:52:14,728 - root - INFO - FastAPI project initialized. Project is ready to accept requests.
2024-05-31 20:08:25,410 - root - INFO - FastAPI project initialized. Project is ready to accept requests.
2024-05-31 20:11:39,678 - root - INFO - FastAPI project initialized. Project is ready to accept requests.
2024-05-31 20:11:50,799 - root - INFO - FastAPI project initialized. Project is ready to accept requests.
2024-05-31 20:12:09,793 - root - INFO - FastAPI project initialized. Project is ready to accept requests.
2024-05-31 20:12:14,064 - root - INFO - FastAPI project initialized. Project is ready to accept requests.
2024-05-31 20:12:17,879 - root - INFO - FastAPI project initialized. Project is ready to accept requests.
2024-05-31 20:13:56,061 - root - INFO - FastAPI project initialized. Project is ready to accept requests.
2024-05-31 20:16:13,888 - root - INFO - FastAPI project initialized. Project is ready to accept requests.
2024-05-31 20:18:31,082 - root - INFO - FastAPI project initialized. Project is ready to accept requests.
2024-05-31 20:20:05,915 - root - INFO - FastAPI project initialized. Project is ready to accept requests.
2024-05-31 20:20:10,413 - root - INFO - FastAPI project initialized. Project is ready to accept requests.
2024-05-31 21:04:44,299 - root - INFO - FastAPI project initialized. Project is ready to accept requests.
2024-05-31 21:04:51,667 - root - INFO - FastAPI project initialized. Project is ready to accept requests.
2024-05-31 21:04:57,008 - root - INFO - FastAPI project initialized. Project is ready to accept requests.
2024-05-31 21:06:22,498 - root - INFO - FastAPI project initialized. Project is ready to accept requests.
2024-05-31 21:06:36,454 - root - INFO - FastAPI project initialized. Project is ready to accept requests.
2024-05-31 21:07:48,987 - root - INFO - FastAPI project initialized. Project is ready to accept requests.
2024-05-31 21:08:19,598 - root - INFO - FastAPI project initialized. Project is ready to accept requests.
2024-05-31 21:14:30,228 - root - INFO - FastAPI project initialized. Project is ready to accept requests.
2024-05-31 21:14:59,891 - root - INFO - FastAPI project initialized. Project is ready to accept requests.
2024-05-31 21:22:27,615 - root - INFO - FastAPI project initialized. Project is ready to accept requests.
2024-05-31 21:22:38,260 - root - INFO - FastAPI project initialized. Project is ready to accept requests.
2024-05-31 21:22:43,371 - root - INFO - FastAPI project initialized. Project is ready to accept requests.
2024-05-31 21:22:57,569 - root - INFO - FastAPI project initialized. Project is ready to accept requests.
2024-05-31 21:23:06,613 - root - INFO - FastAPI project initialized. Project is ready to accept requests.
2024-05-31 21:23:16,175 - root - INFO - FastAPI project initialized. Project is ready to accept requests.
2024-05-31 21:23:21,933 - root - INFO - FastAPI project initialized. Project is ready to accept requests.
2024-05-31 21:23:45,317 - root - INFO - FastAPI project initialized. Project is ready to accept requests.
2024-05-31 21:23:56,442 - root - INFO - FastAPI project initialized. Project is ready to accept requests.
2024-05-31 21:24:01,015 - root - INFO - FastAPI project initialized. Project is ready to accept requests.
2024-05-31 21:27:15,678 - root - INFO - FastAPI project initialized. Project is ready to accept requests.
2024-05-31 21:27:22,258 - root - INFO - FastAPI project initialized. Project is ready to accept requests.
2024-05-31 21:28:05,977 - root - INFO - FastAPI project initialized. Project is ready to accept requests.
2024-05-31 21:28:23,758 - root - INFO - FastAPI project initialized. Project is ready to accept requests.
2024-05-31 21:28:28,990 - root - INFO - FastAPI project initialized. Project is ready to accept requests.
2024-05-31 21:30:33,604 - root - INFO - FastAPI project initialized. Project is ready to accept requests.
2024-05-31 21:30:45,081 - root - INFO - FastAPI project initialized. Project is ready to accept requests.
2024-05-31 21:31:44,968 - root - INFO - FastAPI project initialized. Project is ready to accept requests.
2024-05-31 21:31:50,596 - root - INFO - FastAPI project initialized. Project is ready to accept requests.
2024-05-31 21:31:55,757 - root - INFO - FastAPI project initialized. Project is ready to accept requests.
2024-05-31 21:32:18,277 - root - INFO - FastAPI project initialized. Project is ready to accept requests.
2024-05-31 21:32:47,700 - root - INFO - FastAPI project initialized. Project is ready to accept requests.
2024-05-31 21:33:00,559 - root - INFO - FastAPI project initialized. Project is ready to accept requests.
2024-05-31 21:39:29,003 - root - INFO - FastAPI project initialized. Project is ready to accept requests.
2024-05-31 21:39:38,484 - root - INFO - FastAPI project initialized. Project is ready to accept requests.
2024-05-31 22:35:41,692 - root - INFO - FastAPI project initialized. Project is ready to accept requests.
2024-05-31 22:47:36,439 - root - INFO - FastAPI project initialized. Project is ready to accept requests.
2024-05-31 22:47:51,152 - root - INFO - FastAPI project initialized. Project is ready to accept requests.
2024-05-31 22:48:07,177 - root - INFO - FastAPI project initialized. Project is ready to accept requests.
2024-05-31 22:48:13,090 - root - INFO - FastAPI project initialized. Project is ready to accept requests.
2024-05-31 22:48:21,041 - root - INFO - FastAPI project initialized. Project is ready to accept requests.
2024-05-31 22:48:27,369 - root - INFO - FastAPI project initialized. Project is ready to accept requests.
2024-05-31 22:48:33,047 - root - INFO - FastAPI project initialized. Project is ready to accept requests.
2024-05-31 22:48:49,611 - root - INFO - FastAPI project initialized. Project is ready to accept requests.
2024-05-31 22:49:07,563 - root - INFO - FastAPI project initialized. Project is ready to accept requests.
2024-05-31 22:49:27,408 - root - INFO - FastAPI project initialized. Project is ready to accept requests.
2024-05-31 22:49:53,924 - root - INFO - FastAPI project initialized. Project is ready to accept requests.
2024-05-31 22:49:58,338 - root - INFO - FastAPI project initialized. Project is ready to accept requests.
2024-05-31 22:50:17,190 - root - INFO - FastAPI project initialized. Project is ready to accept requests.
2024-05-31 22:50:20,695 - root - INFO - FastAPI project initialized. Project is ready to accept requests.
2024-05-31 22:50:24,125 - root - INFO - FastAPI project initialized. Project is ready to accept requests.
2024-05-31 22:50:54,238 - root - INFO - FastAPI project initialized. Project is ready to accept requests.
2024-05-31 22:51:13,221 - root - INFO - FastAPI project initialized. Project is ready to accept requests.
2024-05-31 22:51:28,082 - root - INFO - FastAPI project initialized. Project is ready to accept requests.
2024-05-31 22:51:52,313 - root - INFO - FastAPI project initialized. Project is ready to accept requests.
2024-05-31 22:52:00,939 - root - INFO - FastAPI project initialized. Project is ready to accept requests.
2024-05-31 22:52:23,566 - root - INFO - FastAPI project initialized. Project is ready to accept requests.
2024-05-31 22:52:42,587 - root - INFO - FastAPI project initialized. Project is ready to accept requests.
2024-05-31 22:52:57,885 - root - INFO - FastAPI project initialized. Project is ready to accept requests.
2024-05-31 22:53:39,716 - root - INFO - FastAPI project initialized. Project is ready to accept requests.
2024-05-31 22:53:46,360 - root - INFO - FastAPI project initialized. Project is ready to accept requests.
2024-05-31 22:53:57,246 - root - INFO - FastAPI project initialized. Project is ready to accept requests.
2024-05-31 22:54:10,623 - root - INFO - FastAPI project initialized. Project is ready to accept requests.
2024-05-31 22:54:17,240 - root - INFO - FastAPI project initialized. Project is ready to accept requests.
2024-05-31 22:54:30,720 - root - INFO - FastAPI project initialized. Project is ready to accept requests.
2024-05-31 22:54:49,029 - root - INFO - FastAPI project initialized. Project is ready to accept requests.
2024-05-31 22:55:11,347 - root - INFO - FastAPI project initialized. Project is ready to accept requests.
2024-05-31 22:55:27,628 - root - INFO - FastAPI project initialized. Project is ready to accept requests.
2024-05-31 22:55:36,999 - root - INFO - FastAPI project initialized. Project is ready to accept requests.
2024-05-31 22:55:53,294 - root - INFO - FastAPI project initialized. Project is ready to accept requests.
2024-05-31 22:56:02,173 - root - INFO - FastAPI project initialized. Project is ready to accept requests.
2024-05-31 22:56:34,181 - root - INFO - FastAPI project initialized. Project is ready to accept requests.
2024-05-31 22:56:51,119 - root - INFO - FastAPI project initialized. Project is ready to accept requests.
2024-05-31 22:57:04,014 - root - INFO - FastAPI project initialized. Project is ready to accept requests.
2024-05-31 22:57:10,113 - root - INFO - FastAPI project initialized. Project is ready to accept requests.
2024-05-31 22:57:13,309 - root - INFO - FastAPI project initialized. Project is ready to accept requests.
2024-05-31 22:57:37,584 - root - INFO - FastAPI project initialized. Project is ready to accept requests.
2024-05-31 22:57:53,044 - root - INFO - FastAPI project initialized. Project is ready to accept requests.
2024-05-31 22:57:57,607 - root - INFO - FastAPI project initialized. Project is ready to accept requests.
2024-05-31 22:58:14,463 - root - INFO - FastAPI project initialized. Project is ready to accept requests.
2024-05-31 22:58:59,134 - root - INFO - FastAPI project initialized. Project is ready to accept requests.
2024-05-31 22:59:09,433 - root - INFO - FastAPI project initialized. Project is ready to accept requests.
2024-05-31 22:59:15,392 - root - INFO - FastAPI project initialized. Project is ready to accept requests.
2024-06-01 00:53:14,003 - router.manager_router - INFO - None : Accessed Manager Home Page
2024-06-01 00:53:17,958 - router.manager_router - INFO - None : Accessed Manager Home Page
2024-06-01 00:53:18,690 - router.manager_router - INFO - None : Accessed Manager Home Page
2024-06-01 00:53:19,006 - router.manager_router - INFO - None : Accessed Manager Home Page
2024-06-01 00:53:19,090 - router.manager_router - INFO - None : Accessed Manager Home Page
2024-06-01 00:53:19,349 - router.manager_router - INFO - None : Accessed Manager Home Page
2024-06-01 00:53:19,425 - router.manager_router - INFO - None : Accessed Manager Home Page
2024-06-01 00:53:19,707 - router.manager_router - INFO - None : Accessed Manager Home Page
2024-06-01 00:53:19,890 - router.manager_router - INFO - None : Accessed Manager Home Page
2024-06-01 00:54:16,737 - router.manager_router - INFO - None : Accessed Employee for Project Page
2024-06-01 00:54:16,737 - router.manager_router - DEBUG - [Query 1] : SQL Query to Fetch Unassigned Employee Information
2024-06-01 00:54:16,737 - router.manager_router - DEBUG - [Query 2] : SQL Query to Fetch all the projects Information which is Under None
2024-06-01 00:54:16,737 - router.manager_router - INFO - Query 1 Executed and Fetched Data Successfully
2024-06-01 00:54:16,737 - router.manager_router - INFO - Query 2 Executed and Fetched Data Successfully
2024-06-01 00:54:16,737 - router.manager_router - INFO - Data formatted successfully. Ready for sending it to Webpage
2024-06-01 00:54:18,570 - router.manager_router - INFO - None : Accessed Project Manager Have Page
2024-06-01 00:54:18,570 - router.manager_router - DEBUG - SQL Query to See the Project that Manager Have 
2024-06-01 00:54:18,570 - router.manager_router - INFO - All Project Fetched that Manager Have
2024-06-01 00:54:18,570 - router.manager_router - INFO - Data formatted successfully. Ready for sending it to Webpage
2024-06-01 00:54:20,017 - router.manager_router - INFO - None : Accessed View all Employees Page
2024-06-01 00:54:20,017 - router.manager_router - DEBUG - [Query 1] : SQL Query to Fetch all the Employees Information
2024-06-01 00:54:20,017 - router.manager_router - DEBUG - [Query 2] : SQL Query to Fetch all the Managers Information
2024-06-01 00:54:20,018 - router.manager_router - DEBUG - [Query 3] : SQL Query to Fetch all the projects Information
2024-06-01 00:54:20,022 - router.manager_router - INFO - Query 1 Executed and Fetched Data Successfully
2024-06-01 00:54:20,025 - router.manager_router - INFO - Query 2 Executed and Fetched Data Successfully
2024-06-01 00:54:20,027 - router.manager_router - INFO - Query 3 Executed and Fetched Data Successfully
2024-06-01 00:54:20,090 - router.manager_router - INFO - Data formatted successfully. Ready for sending it to Webpage
2024-06-01 00:54:21,692 - router.manager_router - INFO - Manager Logout Successfully
2024-06-01 00:54:21,705 - router.manager_router - INFO - None : Accessed View all Employees Page
2024-06-01 00:54:21,707 - router.manager_router - DEBUG - [Query 1] : SQL Query to Fetch all the Employees Information
2024-06-01 00:54:21,708 - router.manager_router - DEBUG - [Query 2] : SQL Query to Fetch all the Managers Information
2024-06-01 00:54:21,709 - router.manager_router - DEBUG - [Query 3] : SQL Query to Fetch all the projects Information
2024-06-01 00:54:21,713 - router.manager_router - INFO - Query 1 Executed and Fetched Data Successfully
2024-06-01 00:54:21,714 - router.manager_router - INFO - Query 2 Executed and Fetched Data Successfully
2024-06-01 00:54:21,716 - router.manager_router - INFO - Query 3 Executed and Fetched Data Successfully
2024-06-01 00:54:21,807 - router.manager_router - INFO - Data formatted successfully. Ready for sending it to Webpage
2024-06-01 00:54:21,807 - router.manager_router - INFO - Accessed Manager Login Page
2024-06-01 00:54:27,388 - router.manager_router - INFO - None : Accessed Manager Home Page
2024-06-01 00:56:05,801 - router.manager_router - INFO - None : Accessed Manager Home Page
2024-06-01 00:56:06,800 - router.manager_router - INFO - None : Accessed Manager Home Page
2024-06-01 00:56:33,342 - router.manager_router - INFO - None : Accessed View all Employees Page
2024-06-01 00:56:33,342 - router.manager_router - DEBUG - [Query 1] : SQL Query to Fetch all the Employees Information
2024-06-01 00:56:33,342 - router.manager_router - DEBUG - [Query 2] : SQL Query to Fetch all the Managers Information
2024-06-01 00:56:33,342 - router.manager_router - DEBUG - [Query 3] : SQL Query to Fetch all the projects Information
2024-06-01 00:56:33,342 - router.manager_router - INFO - Query 1 Executed and Fetched Data Successfully
2024-06-01 00:56:33,342 - router.manager_router - INFO - Query 2 Executed and Fetched Data Successfully
2024-06-01 00:56:33,342 - router.manager_router - INFO - Query 3 Executed and Fetched Data Successfully
2024-06-01 00:56:33,434 - router.manager_router - INFO - Data formatted successfully. Ready for sending it to Webpage
2024-06-01 00:57:19,426 - router.manager_router - INFO - None : Accessed View all Employees Page
2024-06-01 00:57:19,426 - router.manager_router - DEBUG - [Query 1] : SQL Query to Fetch all the Employees Information
2024-06-01 00:57:19,426 - router.manager_router - DEBUG - [Query 2] : SQL Query to Fetch all the Managers Information
2024-06-01 00:57:19,426 - router.manager_router - DEBUG - [Query 3] : SQL Query to Fetch all the projects Information
2024-06-01 00:57:19,426 - router.manager_router - INFO - Query 1 Executed and Fetched Data Successfully
2024-06-01 00:57:19,426 - router.manager_router - INFO - Query 2 Executed and Fetched Data Successfully
2024-06-01 00:57:19,426 - router.manager_router - INFO - Query 3 Executed and Fetched Data Successfully
2024-06-01 00:57:19,518 - router.manager_router - INFO - Data formatted successfully. Ready for sending it to Webpage
2024-06-01 00:57:45,743 - router.manager_router - INFO - None : Accessed View all Employees Page
2024-06-01 00:57:45,743 - router.manager_router - DEBUG - [Query 1] : SQL Query to Fetch all the Employees Information
2024-06-01 00:57:45,743 - router.manager_router - DEBUG - [Query 2] : SQL Query to Fetch all the Managers Information
2024-06-01 00:57:45,743 - router.manager_router - DEBUG - [Query 3] : SQL Query to Fetch all the projects Information
2024-06-01 00:57:45,743 - router.manager_router - INFO - Query 1 Executed and Fetched Data Successfully
2024-06-01 00:57:45,743 - router.manager_router - INFO - Query 2 Executed and Fetched Data Successfully
2024-06-01 00:57:45,743 - router.manager_router - INFO - Query 3 Executed and Fetched Data Successfully
2024-06-01 00:57:45,843 - router.manager_router - INFO - Data formatted successfully. Ready for sending it to Webpage
2024-06-01 00:58:18,500 - router.manager_router - INFO - None : Accessed Manager Home Page
2024-06-01 00:59:29,073 - router.manager_router - INFO - Manager Logout Successfully
2024-06-01 00:59:29,073 - router.manager_router - INFO - None : Accessed Manager Home Page
2024-06-01 00:59:29,117 - router.manager_router - INFO - Accessed Manager Login Page
2024-06-01 00:59:36,859 - router.manager_router - INFO - Attempting to authenticate Employee: MGR003
2024-06-01 00:59:36,859 - router.manager_router - DEBUG - SQL Query to Check Wheather Manager Record Exist or Not : SELECT COUNT(manager_id) ,manager_id, password 
    FROM manager
    WHERE manager_id = 'MGR003' AND password = 'Password15' ;
    
2024-06-01 00:59:36,861 - router.manager_router - INFO - Authentication query executed successfully for admin: MGR003
2024-06-01 00:59:36,862 - router.manager_router - INFO - Employee MGR003 authenticated successfully.
2024-06-01 00:59:36,862 - router.manager_router - INFO - Employee id is saved as SessionUser
2024-06-01 00:59:36,863 - router.manager_router - INFO - Redirecting to Employee home 
2024-06-01 00:59:36,868 - router.manager_router - INFO - Accessed Manager Login Page
2024-06-01 00:59:36,889 - router.manager_router - INFO - MGR003 : Accessed Manager Home Page
2024-06-01 01:00:11,578 - router.manager_router - INFO - MGR003 : Accessed Employee for Project Page
2024-06-01 01:00:11,578 - router.manager_router - DEBUG - [Query 1] : SQL Query to Fetch Unassigned Employee Information
2024-06-01 01:00:11,578 - router.manager_router - DEBUG - [Query 2] : SQL Query to Fetch all the projects Information which is Under MGR003
2024-06-01 01:00:11,578 - router.manager_router - INFO - Query 1 Executed and Fetched Data Successfully
2024-06-01 01:00:11,578 - router.manager_router - INFO - Query 2 Executed and Fetched Data Successfully
2024-06-01 01:00:11,598 - router.manager_router - INFO - Data formatted successfully. Ready for sending it to Webpage
2024-06-01 01:00:18,991 - router.manager_router - INFO - MGR003 : Accessed Manager Home Page
2024-06-01 01:00:51,832 - router.manager_router - INFO - MGR003 : Accessed Employee for Project Page
2024-06-01 01:00:51,832 - router.manager_router - DEBUG - [Query 1] : SQL Query to Fetch Unassigned Employee Information
2024-06-01 01:00:51,832 - router.manager_router - DEBUG - [Query 2] : SQL Query to Fetch all the projects Information which is Under MGR003
2024-06-01 01:00:51,832 - router.manager_router - INFO - Query 1 Executed and Fetched Data Successfully
2024-06-01 01:00:51,832 - router.manager_router - INFO - Query 2 Executed and Fetched Data Successfully
2024-06-01 01:00:51,853 - router.manager_router - INFO - Data formatted successfully. Ready for sending it to Webpage
2024-06-01 01:00:53,646 - router.manager_router - INFO - MGR003 : Accessed update Project Status Page
2024-06-01 01:00:53,646 - router.manager_router - DEBUG - SQL Query to See the Project that Manager Have 
2024-06-01 01:00:53,662 - router.manager_router - INFO - All Project Fetched that Manager Have
2024-06-01 01:00:53,662 - router.manager_router - INFO - Data formatted successfully. Ready for sending it to Webpage
2024-06-01 01:00:55,731 - router.manager_router - INFO - MGR003 : Accessed View all Employees Page
2024-06-01 01:00:55,731 - router.manager_router - DEBUG - [Query 1] : SQL Query to Fetch all the Employees Information
2024-06-01 01:00:55,731 - router.manager_router - DEBUG - [Query 2] : SQL Query to Fetch all the Managers Information
2024-06-01 01:00:55,731 - router.manager_router - DEBUG - [Query 3] : SQL Query to Fetch all the projects Information
2024-06-01 01:00:55,735 - router.manager_router - INFO - Query 1 Executed and Fetched Data Successfully
2024-06-01 01:00:55,737 - router.manager_router - INFO - Query 2 Executed and Fetched Data Successfully
2024-06-01 01:00:55,738 - router.manager_router - INFO - Query 3 Executed and Fetched Data Successfully
2024-06-01 01:00:55,815 - router.manager_router - INFO - Data formatted successfully. Ready for sending it to Webpage
2024-06-01 01:03:03,496 - root - INFO - FastAPI project initialized. Project is ready to accept requests.
2024-06-01 01:03:23,490 - root - INFO - FastAPI project initialized. Project is ready to accept requests.
2024-06-01 01:03:25,894 - root - INFO - Accessed Index page
2024-06-01 01:05:19,208 - root - INFO - FastAPI project initialized. Project is ready to accept requests.
2024-06-01 01:05:49,805 - root - INFO - FastAPI project initialized. Project is ready to accept requests.
2024-06-01 01:06:54,427 - root - INFO - FastAPI project initialized. Project is ready to accept requests.
2024-06-01 01:06:57,639 - root - INFO - FastAPI project initialized. Project is ready to accept requests.
2024-06-01 01:07:02,594 - root - INFO - FastAPI project initialized. Project is ready to accept requests.
2024-06-01 01:07:06,144 - root - INFO - FastAPI project initialized. Project is ready to accept requests.
2024-06-01 01:07:26,892 - root - INFO - FastAPI project initialized. Project is ready to accept requests.
2024-06-01 01:07:46,340 - root - INFO - FastAPI project initialized. Project is ready to accept requests.
2024-06-01 01:11:30,418 - root - INFO - FastAPI project initialized. Project is ready to accept requests.
2024-06-01 01:11:56,241 - root - INFO - FastAPI project initialized. Project is ready to accept requests.
2024-06-01 01:12:06,761 - root - INFO - FastAPI project initialized. Project is ready to accept requests.
2024-06-01 01:12:14,828 - root - INFO - FastAPI project initialized. Project is ready to accept requests.
2024-06-01 01:12:20,515 - root - INFO - FastAPI project initialized. Project is ready to accept requests.
2024-06-01 01:12:26,133 - root - INFO - FastAPI project initialized. Project is ready to accept requests.
2024-06-01 01:12:31,889 - root - INFO - FastAPI project initialized. Project is ready to accept requests.
2024-06-01 01:13:07,719 - root - INFO - FastAPI project initialized. Project is ready to accept requests.
2024-06-01 01:13:20,229 - root - INFO - FastAPI project initialized. Project is ready to accept requests.
2024-06-01 01:13:38,385 - root - INFO - FastAPI project initialized. Project is ready to accept requests.
2024-06-01 01:15:42,021 - root - INFO - FastAPI project initialized. Project is ready to accept requests.
2024-06-01 01:15:48,035 - root - INFO - FastAPI project initialized. Project is ready to accept requests.
2024-06-01 01:15:58,145 - root - INFO - FastAPI project initialized. Project is ready to accept requests.
2024-06-01 01:16:02,813 - root - INFO - FastAPI project initialized. Project is ready to accept requests.
2024-06-01 01:19:14,133 - root - INFO - FastAPI project initialized. Project is ready to accept requests.
2024-06-01 01:19:44,059 - root - INFO - FastAPI project initialized. Project is ready to accept requests.
2024-06-01 01:19:53,108 - root - INFO - FastAPI project initialized. Project is ready to accept requests.
2024-06-01 01:20:02,468 - root - INFO - FastAPI project initialized. Project is ready to accept requests.
2024-06-01 01:20:09,776 - root - INFO - FastAPI project initialized. Project is ready to accept requests.
2024-06-01 01:20:16,792 - root - INFO - FastAPI project initialized. Project is ready to accept requests.
2024-06-01 01:20:27,297 - root - INFO - FastAPI project initialized. Project is ready to accept requests.
2024-06-01 01:21:31,230 - root - INFO - FastAPI project initialized. Project is ready to accept requests.
2024-06-01 01:21:48,958 - root - INFO - FastAPI project initialized. Project is ready to accept requests.
2024-06-01 01:21:52,320 - root - INFO - FastAPI project initialized. Project is ready to accept requests.
2024-06-01 01:21:57,264 - root - INFO - FastAPI project initialized. Project is ready to accept requests.
2024-06-01 01:22:03,200 - root - INFO - FastAPI project initialized. Project is ready to accept requests.
2024-06-01 01:22:09,880 - root - INFO - FastAPI project initialized. Project is ready to accept requests.
2024-06-01 01:22:21,100 - root - INFO - FastAPI project initialized. Project is ready to accept requests.
2024-06-01 01:22:26,249 - root - INFO - FastAPI project initialized. Project is ready to accept requests.
2024-06-01 01:22:29,647 - root - INFO - FastAPI project initialized. Project is ready to accept requests.
2024-06-01 01:22:34,987 - root - INFO - FastAPI project initialized. Project is ready to accept requests.
2024-06-01 01:22:38,797 - root - INFO - FastAPI project initialized. Project is ready to accept requests.
2024-06-01 01:22:45,521 - root - INFO - FastAPI project initialized. Project is ready to accept requests.
2024-06-01 01:22:55,881 - root - INFO - FastAPI project initialized. Project is ready to accept requests.
2024-06-01 01:23:04,838 - root - INFO - FastAPI project initialized. Project is ready to accept requests.
2024-06-01 01:34:54,120 - root - INFO - FastAPI project initialized. Project is ready to accept requests.
2024-06-01 01:35:00,093 - root - INFO - FastAPI project initialized. Project is ready to accept requests.
2024-06-01 01:35:08,674 - root - INFO - FastAPI project initialized. Project is ready to accept requests.
2024-06-01 01:35:20,724 - root - INFO - FastAPI project initialized. Project is ready to accept requests.
2024-06-01 01:35:41,327 - root - INFO - FastAPI project initialized. Project is ready to accept requests.
2024-06-01 01:35:45,094 - root - INFO - FastAPI project initialized. Project is ready to accept requests.
2024-06-01 01:35:49,356 - root - INFO - FastAPI project initialized. Project is ready to accept requests.
2024-06-01 01:35:55,022 - root - INFO - FastAPI project initialized. Project is ready to accept requests.
2024-06-01 01:36:13,497 - root - INFO - FastAPI project initialized. Project is ready to accept requests.
2024-06-01 01:38:13,962 - root - INFO - FastAPI project initialized. Project is ready to accept requests.
2024-06-01 01:38:28,631 - root - INFO - FastAPI project initialized. Project is ready to accept requests.
2024-06-01 01:38:33,891 - root - INFO - FastAPI project initialized. Project is ready to accept requests.
2024-06-01 01:38:55,699 - root - INFO - FastAPI project initialized. Project is ready to accept requests.
2024-06-01 01:39:04,726 - root - INFO - FastAPI project initialized. Project is ready to accept requests.
2024-06-01 01:39:08,407 - root - INFO - FastAPI project initialized. Project is ready to accept requests.
2024-06-01 01:39:16,773 - root - INFO - FastAPI project initialized. Project is ready to accept requests.
2024-06-01 01:39:26,478 - root - INFO - FastAPI project initialized. Project is ready to accept requests.
2024-06-01 01:39:38,191 - root - INFO - FastAPI project initialized. Project is ready to accept requests.
2024-06-01 01:39:46,101 - root - INFO - FastAPI project initialized. Project is ready to accept requests.
2024-06-01 01:39:52,022 - root - INFO - FastAPI project initialized. Project is ready to accept requests.
2024-06-01 01:39:57,205 - root - INFO - FastAPI project initialized. Project is ready to accept requests.
2024-06-01 01:40:07,856 - root - INFO - FastAPI project initialized. Project is ready to accept requests.
2024-06-01 01:40:21,606 - root - INFO - FastAPI project initialized. Project is ready to accept requests.
2024-06-01 01:40:29,525 - root - INFO - FastAPI project initialized. Project is ready to accept requests.
2024-06-01 01:40:36,545 - root - INFO - FastAPI project initialized. Project is ready to accept requests.
2024-06-01 01:40:42,598 - root - INFO - FastAPI project initialized. Project is ready to accept requests.
2024-06-01 01:40:51,874 - root - INFO - FastAPI project initialized. Project is ready to accept requests.
2024-06-01 01:41:00,738 - root - INFO - FastAPI project initialized. Project is ready to accept requests.
2024-06-01 01:44:50,007 - root - INFO - FastAPI project initialized. Project is ready to accept requests.
2024-06-01 01:44:55,127 - root - INFO - FastAPI project initialized. Project is ready to accept requests.
2024-06-01 01:45:05,078 - root - INFO - FastAPI project initialized. Project is ready to accept requests.
2024-06-01 01:45:07,954 - root - INFO - FastAPI project initialized. Project is ready to accept requests.
2024-06-01 01:45:27,851 - root - INFO - FastAPI project initialized. Project is ready to accept requests.
2024-06-01 01:45:33,785 - root - INFO - FastAPI project initialized. Project is ready to accept requests.
2024-06-01 01:45:51,132 - root - INFO - FastAPI project initialized. Project is ready to accept requests.
2024-06-01 01:45:55,427 - root - INFO - FastAPI project initialized. Project is ready to accept requests.
2024-06-01 01:46:09,578 - root - INFO - FastAPI project initialized. Project is ready to accept requests.
2024-06-01 01:46:16,776 - root - INFO - FastAPI project initialized. Project is ready to accept requests.
